<?xml version="1.0" encoding="UTF-8"?>
<!-- Generated by org.testng.reporters.JUnitXMLReporter -->
<testsuite hostname="Allah" name="Test" tests="5" failures="0" timestamp="23 Apr 2016 08:01:41 GMT" time="0.703" errors="0">
  <testcase name="doCreateLead" time="0.011" classname="sundaycw.CreateLead"/>
  <testcase name="doEditLead" time="0.024" classname="sundaycw.EditLead"/>
  <testcase name="doCreateLead" time="0.003" classname="sundaycw.CreateLead"/>
  <testcase name="doMergeLead" time="0.039" classname="sundaycw.MergeLead"/>
  <testcase name="doDeleteLead" time="0.003" classname="sundaycw.DeleteLead"/>
</testsuite> <!-- Test -->
