<?xml version="1.0" encoding="UTF-8"?>
<!-- Generated by org.testng.reporters.JUnitXMLReporter -->
<testsuite hostname="Allah" name="Test2" tests="4" failures="0" timestamp="23 Apr 2016 08:01:41 GMT" time="0.039" errors="0">
  <testcase name="doCreateContact" time="0.003" classname="sundaycw.CreateContact"/>
  <testcase name="doEditContact" time="0.003" classname="sundaycw.EditContact"/>
  <testcase name="doMergeContact" time="0.003" classname="sundaycw.MergeContact"/>
  <testcase name="doDeleteContact" time="0.002" classname="sundaycw.DeleteContact"/>
</testsuite> <!-- Test2 -->
