<?xml version="1.0" encoding="UTF-8"?>
<!-- Generated by org.testng.reporters.JUnitXMLReporter -->
<testsuite hostname="Allah" name="Test" tests="9" failures="0" timestamp="16 Apr 2016 15:04:09 GMT" time="0.172" errors="0">
  <testcase name="s4" time="0.035" classname="opentaps.Sample4"/>
  <testcase name="s2" time="0.006" classname="opentaps.Sample2"/>
  <testcase name="s3" time="0.004" classname="opentaps.Sample3"/>
  <testcase name="sampletest" time="0.005" classname="opentaps.NewTest"/>
  <testcase name="createLead" time="0.004" classname="opentaps.Createlead"/>
  <testcase name="createLead" time="0.004" classname="opentaps.Createlead"/>
  <testcase name="leadEdit" time="0.004" classname="opentaps.EditLead"/>
  <testcase name="leadDelete" time="0.02" classname="opentaps.DeleteLead"/>
  <testcase name="s5" time="0.002" classname="opentaps.Sample5"/>
</testsuite> <!-- Test -->
